<?xml version="1.0" encoding="UTF-8"?>
<!-- Generated by org.testng.reporters.JUnitReportReporter -->
<testsuite skipped="0" hostname="Suhas-Gowda" name="script.TestDemo2" tests="1" failures="0" timestamp="28 Sep 2018 08:24:50 GMT" time="12.536" errors="0">
  <testcase name="testB" time="12.536" classname="script.TestDemo2"/>
</testsuite> <!-- script.TestDemo2 -->
