<?xml version="1.0" encoding="UTF-8"?>
<!-- Generated by org.testng.reporters.JUnitReportReporter -->
<testsuite skipped="0" hostname="Suhas-Gowda" name="script.TestDemo" tests="1" failures="0" timestamp="01 Oct 2018 05:52:39 GMT" time="51.393" errors="0">
  <testcase name="testA" time="51.393" classname="script.TestDemo"/>
</testsuite> <!-- script.TestDemo -->
