<?xml version="1.0" encoding="UTF-8"?>
<!-- Generated by org.testng.reporters.JUnitReportReporter -->
<testsuite skipped="0" hostname="Suhas-Gowda" name="script.TestDemo" tests="1" failures="0" timestamp="26 Sep 2018 14:36:43 GMT" time="11.882" errors="0">
  <testcase name="demo" time="11.882" classname="script.TestDemo"/>
</testsuite> <!-- script.TestDemo -->
